JVM info: Microsoft - 21.0.3 - 21.0.3+9-LTS
java.net.preferIPv4Stack=true
Current Time: 22/12/2024 00:44:24
Host: maven.neoforged.net [169.150.255.181, 37.19.194.80, 195.181.175.41, 207.211.211.26, 169.150.255.184, 195.181.170.18, 212.102.56.178]
Host: libraries.minecraft.net [13.107.246.44]
Host: launchermeta.mojang.com [13.107.246.45]
Host: piston-meta.mojang.com [13.107.246.44]
Host: sessionserver.mojang.com [13.107.246.44]
Found java version 21.0.3
Target Directory: C:\Users\User\AppData\Local\MCULauncher2\.minecraft
Extracting json
Considering minecraft client jar
Downloading libraries
Found 1 additional library directories
Considering library org.ow2.asm:asm-analysis:9.7@jar
File C:\Users\User\AppData\Local\MCULauncher2\.minecraft\libraries\org\ow2\asm\asm-analysis\9.7\asm-analysis-9.7.jar exists. Checksum valid.
Considering library net.neoforged:bus:8.0.2@jar
File C:\Users\User\AppData\Local\MCULauncher2\.minecraft\libraries\net\neoforged\bus\8.0.2\bus-8.0.2.jar exists. Checksum valid.
Considering library com.google.errorprone:error_prone_annotations:2.18.0@jar
File C:\Users\User\AppData\Local\MCULauncher2\.minecraft\libraries\com\google\errorprone\error_prone_annotations\2.18.0\error_prone_annotations-2.18.0.jar exists. Checksum valid.
Considering library net.neoforged.fancymodloader:earlydisplay:4.0.29@jar
File C:\Users\User\AppData\Local\MCULauncher2\.minecraft\libraries\net\neoforged\fancymodloader\earlydisplay\4.0.29\earlydisplay-4.0.29.jar exists. Checksum valid.
Considering library com.electronwill.night-config:core:3.8.0@jar
File C:\Users\User\AppData\Local\MCULauncher2\.minecraft\libraries\com\electronwill\night-config\core\3.8.0\core-3.8.0.jar exists. Checksum valid.
Considering library com.google.j2objc:j2objc-annotations:2.8@jar
File C:\Users\User\AppData\Local\MCULauncher2\.minecraft\libraries\com\google\j2objc\j2objc-annotations\2.8\j2objc-annotations-2.8.jar exists. Checksum valid.
Considering library net.neoforged:coremods:7.0.3@jar
File C:\Users\User\AppData\Local\MCULauncher2\.minecraft\libraries\net\neoforged\coremods\7.0.3\coremods-7.0.3.jar exists. Checksum valid.
Considering library net.minecraftforge:srgutils:0.4.15@jar
File C:\Users\User\AppData\Local\MCULauncher2\.minecraft\libraries\net\minecraftforge\srgutils\0.4.15\srgutils-0.4.15.jar exists. Checksum valid.
Considering library org.apache.logging.log4j:log4j-core:2.22.1@jar
File C:\Users\User\AppData\Local\MCULauncher2\.minecraft\libraries\org\apache\logging\log4j\log4j-core\2.22.1\log4j-core-2.22.1.jar exists. Checksum valid.
Considering library com.google.code.gson:gson:2.10.1@jar
File C:\Users\User\AppData\Local\MCULauncher2\.minecraft\libraries\com\google\code\gson\gson\2.10.1\gson-2.10.1.jar exists. Checksum valid.
Considering library com.google.code.findbugs:jsr305:3.0.2@jar
File C:\Users\User\AppData\Local\MCULauncher2\.minecraft\libraries\com\google\code\findbugs\jsr305\3.0.2\jsr305-3.0.2.jar exists. Checksum valid.
Considering library net.neoforged:JarJarFileSystems:0.4.1@jar
File C:\Users\User\AppData\Local\MCULauncher2\.minecraft\libraries\net\neoforged\JarJarFileSystems\0.4.1\JarJarFileSystems-0.4.1.jar exists. Checksum valid.
Considering library net.fabricmc:sponge-mixin:0.15.2+mixin.0.8.7@jar
File C:\Users\User\AppData\Local\MCULauncher2\.minecraft\libraries\net\fabricmc\sponge-mixin\0.15.2+mixin.0.8.7\sponge-mixin-0.15.2+mixin.0.8.7.jar exists. Checksum valid.
Considering library com.mojang:logging:1.2.7@jar
File C:\Users\User\AppData\Local\MCULauncher2\.minecraft\libraries\com\mojang\logging\1.2.7\logging-1.2.7.jar exists. Checksum valid.
Considering library com.machinezoo.noexception:noexception:1.7.1@jar
File C:\Users\User\AppData\Local\MCULauncher2\.minecraft\libraries\com\machinezoo\noexception\noexception\1.7.1\noexception-1.7.1.jar exists. Checksum valid.
Considering library com.electronwill.night-config:toml:3.8.0@jar
File C:\Users\User\AppData\Local\MCULauncher2\.minecraft\libraries\com\electronwill\night-config\toml\3.8.0\toml-3.8.0.jar exists. Checksum valid.
Considering library cpw.mods:securejarhandler:3.0.8@jar
File C:\Users\User\AppData\Local\MCULauncher2\.minecraft\libraries\cpw\mods\securejarhandler\3.0.8\securejarhandler-3.0.8.jar exists. Checksum valid.
Considering library org.jline:jline-reader:3.20.0@jar
File C:\Users\User\AppData\Local\MCULauncher2\.minecraft\libraries\org\jline\jline-reader\3.20.0\jline-reader-3.20.0.jar exists. Checksum valid.
Considering library org.slf4j:slf4j-api:2.0.9@jar
File C:\Users\User\AppData\Local\MCULauncher2\.minecraft\libraries\org\slf4j\slf4j-api\2.0.9\slf4j-api-2.0.9.jar exists. Checksum valid.
Considering library org.checkerframework:checker-qual:3.33.0@jar
File C:\Users\User\AppData\Local\MCULauncher2\.minecraft\libraries\org\checkerframework\checker-qual\3.33.0\checker-qual-3.33.0.jar exists. Checksum valid.
Considering library org.antlr:antlr4-runtime:4.13.1@jar
File C:\Users\User\AppData\Local\MCULauncher2\.minecraft\libraries\org\antlr\antlr4-runtime\4.13.1\antlr4-runtime-4.13.1.jar exists. Checksum valid.
Considering library net.neoforged:JarJarMetadata:0.4.1@jar
File C:\Users\User\AppData\Local\MCULauncher2\.minecraft\libraries\net\neoforged\JarJarMetadata\0.4.1\JarJarMetadata-0.4.1.jar exists. Checksum valid.
Considering library cpw.mods:modlauncher:11.0.4@jar
File C:\Users\User\AppData\Local\MCULauncher2\.minecraft\libraries\cpw\mods\modlauncher\11.0.4\modlauncher-11.0.4.jar exists. Checksum valid.
Considering library org.ow2.asm:asm-commons:9.7@jar
File C:\Users\User\AppData\Local\MCULauncher2\.minecraft\libraries\org\ow2\asm\asm-commons\9.7\asm-commons-9.7.jar exists. Checksum valid.
Considering library net.neoforged:JarJarSelector:0.4.1@jar
File C:\Users\User\AppData\Local\MCULauncher2\.minecraft\libraries\net\neoforged\JarJarSelector\0.4.1\JarJarSelector-0.4.1.jar exists. Checksum valid.
Considering library org.openjdk.nashorn:nashorn-core:15.4@jar
File C:\Users\User\AppData\Local\MCULauncher2\.minecraft\libraries\org\openjdk\nashorn\nashorn-core\15.4\nashorn-core-15.4.jar exists. Checksum valid.
Considering library org.apache.commons:commons-lang3:3.14.0@jar
File C:\Users\User\AppData\Local\MCULauncher2\.minecraft\libraries\org\apache\commons\commons-lang3\3.14.0\commons-lang3-3.14.0.jar exists. Checksum valid.
Considering library com.google.guava:failureaccess:1.0.1@jar
File C:\Users\User\AppData\Local\MCULauncher2\.minecraft\libraries\com\google\guava\failureaccess\1.0.1\failureaccess-1.0.1.jar exists. Checksum valid.
Considering library org.ow2.asm:asm-tree:9.7@jar
File C:\Users\User\AppData\Local\MCULauncher2\.minecraft\libraries\org\ow2\asm\asm-tree\9.7\asm-tree-9.7.jar exists. Checksum valid.
Considering library org.apache.maven:maven-artifact:3.8.5@jar
File C:\Users\User\AppData\Local\MCULauncher2\.minecraft\libraries\org\apache\maven\maven-artifact\3.8.5\maven-artifact-3.8.5.jar exists. Checksum valid.
Considering library commons-io:commons-io:2.15.1@jar
File C:\Users\User\AppData\Local\MCULauncher2\.minecraft\libraries\commons-io\commons-io\2.15.1\commons-io-2.15.1.jar exists. Checksum valid.
Considering library org.ow2.asm:asm:9.7@jar
File C:\Users\User\AppData\Local\MCULauncher2\.minecraft\libraries\org\ow2\asm\asm\9.7\asm-9.7.jar exists. Checksum valid.
Considering library net.neoforged:mergetool:2.0.3:api@jar
File C:\Users\User\AppData\Local\MCULauncher2\.minecraft\libraries\net\neoforged\mergetool\2.0.3\mergetool-2.0.3-api.jar exists. Checksum valid.
Considering library net.neoforged.accesstransformers:at-modlauncher:10.0.1@jar
File C:\Users\User\AppData\Local\MCULauncher2\.minecraft\libraries\net\neoforged\accesstransformers\at-modlauncher\10.0.1\at-modlauncher-10.0.1.jar exists. Checksum valid.
Considering library net.sf.jopt-simple:jopt-simple:5.0.4@jar
File C:\Users\User\AppData\Local\MCULauncher2\.minecraft\libraries\net\sf\jopt-simple\jopt-simple\5.0.4\jopt-simple-5.0.4.jar exists. Checksum valid.
Considering library org.ow2.asm:asm-util:9.7@jar
File C:\Users\User\AppData\Local\MCULauncher2\.minecraft\libraries\org\ow2\asm\asm-util\9.7\asm-util-9.7.jar exists. Checksum valid.
Considering library org.apache.logging.log4j:log4j-slf4j2-impl:2.22.1@jar
File C:\Users\User\AppData\Local\MCULauncher2\.minecraft\libraries\org\apache\logging\log4j\log4j-slf4j2-impl\2.22.1\log4j-slf4j2-impl-2.22.1.jar exists. Checksum valid.
Considering library com.google.guava:listenablefuture:9999.0-empty-to-avoid-conflict-with-guava@jar
File C:\Users\User\AppData\Local\MCULauncher2\.minecraft\libraries\com\google\guava\listenablefuture\9999.0-empty-to-avoid-conflict-with-guava\listenablefuture-9999.0-empty-to-avoid-conflict-with-guava.jar exists. Checksum valid.
Considering library cpw.mods:bootstraplauncher:2.0.2@jar
File C:\Users\User\AppData\Local\MCULauncher2\.minecraft\libraries\cpw\mods\bootstraplauncher\2.0.2\bootstraplauncher-2.0.2.jar exists. Checksum valid.
Considering library com.google.guava:guava:32.1.2-jre@jar
File C:\Users\User\AppData\Local\MCULauncher2\.minecraft\libraries\com\google\guava\guava\32.1.2-jre\guava-32.1.2-jre.jar exists. Checksum valid.
Considering library net.neoforged.fancymodloader:loader:4.0.29@jar
File C:\Users\User\AppData\Local\MCULauncher2\.minecraft\libraries\net\neoforged\fancymodloader\loader\4.0.29\loader-4.0.29.jar exists. Checksum valid.
Considering library net.minecrell:terminalconsoleappender:1.3.0@jar
File C:\Users\User\AppData\Local\MCULauncher2\.minecraft\libraries\net\minecrell\terminalconsoleappender\1.3.0\terminalconsoleappender-1.3.0.jar exists. Checksum valid.
Considering library net.neoforged:accesstransformers:10.0.1@jar
File C:\Users\User\AppData\Local\MCULauncher2\.minecraft\libraries\net\neoforged\accesstransformers\10.0.1\accesstransformers-10.0.1.jar exists. Checksum valid.
Considering library net.jodah:typetools:0.6.3@jar
File C:\Users\User\AppData\Local\MCULauncher2\.minecraft\libraries\net\jodah\typetools\0.6.3\typetools-0.6.3.jar exists. Checksum valid.
Considering library org.apache.logging.log4j:log4j-api:2.22.1@jar
File C:\Users\User\AppData\Local\MCULauncher2\.minecraft\libraries\org\apache\logging\log4j\log4j-api\2.22.1\log4j-api-2.22.1.jar exists. Checksum valid.
Considering library org.jline:jline-terminal:3.20.0@jar
File C:\Users\User\AppData\Local\MCULauncher2\.minecraft\libraries\org\jline\jline-terminal\3.20.0\jline-terminal-3.20.0.jar exists. Checksum valid.
Considering library org.codehaus.plexus:plexus-utils:3.3.0@jar
File C:\Users\User\AppData\Local\MCULauncher2\.minecraft\libraries\org\codehaus\plexus\plexus-utils\3.3.0\plexus-utils-3.3.0.jar exists. Checksum valid.
Considering library org.apache.commons:commons-collections4:4.2@jar
File C:\Users\User\AppData\Local\MCULauncher2\.minecraft\libraries\org\apache\commons\commons-collections4\4.2\commons-collections4-4.2.jar exists. Checksum valid.
Considering library net.neoforged.installertools:cli-utils:2.1.2@jar
File C:\Users\User\AppData\Local\MCULauncher2\.minecraft\libraries\net\neoforged\installertools\cli-utils\2.1.2\cli-utils-2.1.2.jar exists. Checksum valid.
Considering library org.ow2.asm:asm-commons:9.3@jar
File C:\Users\User\AppData\Local\MCULauncher2\.minecraft\libraries\org\ow2\asm\asm-commons\9.3\asm-commons-9.3.jar exists. Checksum valid.
Considering library com.opencsv:opencsv:4.4@jar
File C:\Users\User\AppData\Local\MCULauncher2\.minecraft\libraries\com\opencsv\opencsv\4.4\opencsv-4.4.jar exists. Checksum valid.
Considering library net.sf.jopt-simple:jopt-simple:5.0.4@jar
File C:\Users\User\AppData\Local\MCULauncher2\.minecraft\libraries\net\sf\jopt-simple\jopt-simple\5.0.4\jopt-simple-5.0.4.jar exists. Checksum valid.
Considering library commons-collections:commons-collections:3.2.2@jar
File C:\Users\User\AppData\Local\MCULauncher2\.minecraft\libraries\commons-collections\commons-collections\3.2.2\commons-collections-3.2.2.jar exists. Checksum valid.
Considering library de.siegmar:fastcsv:2.0.0@jar
File C:\Users\User\AppData\Local\MCULauncher2\.minecraft\libraries\de\siegmar\fastcsv\2.0.0\fastcsv-2.0.0.jar exists. Checksum valid.
Considering library com.google.guava:guava:20.0@jar
File C:\Users\User\AppData\Local\MCULauncher2\.minecraft\libraries\com\google\guava\guava\20.0\guava-20.0.jar exists. Checksum valid.
Considering library net.neoforged.installertools:installertools:2.1.2@jar
File C:\Users\User\AppData\Local\MCULauncher2\.minecraft\libraries\net\neoforged\installertools\installertools\2.1.2\installertools-2.1.2.jar exists. Checksum valid.
Considering library commons-beanutils:commons-beanutils:1.9.3@jar
File C:\Users\User\AppData\Local\MCULauncher2\.minecraft\libraries\commons-beanutils\commons-beanutils\1.9.3\commons-beanutils-1.9.3.jar exists. Checksum valid.
Considering library com.google.code.gson:gson:2.8.9@jar
File C:\Users\User\AppData\Local\MCULauncher2\.minecraft\libraries\com\google\code\gson\gson\2.8.9\gson-2.8.9.jar exists. Checksum valid.
Considering library commons-logging:commons-logging:1.2@jar
File C:\Users\User\AppData\Local\MCULauncher2\.minecraft\libraries\commons-logging\commons-logging\1.2\commons-logging-1.2.jar exists. Checksum valid.
Considering library org.ow2.asm:asm-tree:9.3@jar
File C:\Users\User\AppData\Local\MCULauncher2\.minecraft\libraries\org\ow2\asm\asm-tree\9.3\asm-tree-9.3.jar exists. Checksum valid.
Considering library net.neoforged:srgutils:1.0.0@jar
File C:\Users\User\AppData\Local\MCULauncher2\.minecraft\libraries\net\neoforged\srgutils\1.0.0\srgutils-1.0.0.jar exists. Checksum valid.
Considering library org.ow2.asm:asm-analysis:9.3@jar
File C:\Users\User\AppData\Local\MCULauncher2\.minecraft\libraries\org\ow2\asm\asm-analysis\9.3\asm-analysis-9.3.jar exists. Checksum valid.
Considering library net.md-5:SpecialSource:1.11.0@jar
File C:\Users\User\AppData\Local\MCULauncher2\.minecraft\libraries\net\md-5\SpecialSource\1.11.0\SpecialSource-1.11.0.jar exists. Checksum valid.
Considering library org.apache.commons:commons-text:1.3@jar
File C:\Users\User\AppData\Local\MCULauncher2\.minecraft\libraries\org\apache\commons\commons-text\1.3\commons-text-1.3.jar exists. Checksum valid.
Considering library org.apache.commons:commons-lang3:3.8.1@jar
File C:\Users\User\AppData\Local\MCULauncher2\.minecraft\libraries\org\apache\commons\commons-lang3\3.8.1\commons-lang3-3.8.1.jar exists. Checksum valid.
Considering library org.ow2.asm:asm:9.3@jar
File C:\Users\User\AppData\Local\MCULauncher2\.minecraft\libraries\org\ow2\asm\asm\9.3\asm-9.3.jar exists. Checksum valid.
Considering library net.neoforged.installertools:jarsplitter:2.1.2@jar
File C:\Users\User\AppData\Local\MCULauncher2\.minecraft\libraries\net\neoforged\installertools\jarsplitter\2.1.2\jarsplitter-2.1.2.jar exists. Checksum valid.
Considering library net.sf.jopt-simple:jopt-simple:5.0.4@jar
File C:\Users\User\AppData\Local\MCULauncher2\.minecraft\libraries\net\sf\jopt-simple\jopt-simple\5.0.4\jopt-simple-5.0.4.jar exists. Checksum valid.
Considering library net.neoforged.installertools:cli-utils:2.1.2@jar
File C:\Users\User\AppData\Local\MCULauncher2\.minecraft\libraries\net\neoforged\installertools\cli-utils\2.1.2\cli-utils-2.1.2.jar exists. Checksum valid.
Considering library net.neoforged:srgutils:1.0.0@jar
File C:\Users\User\AppData\Local\MCULauncher2\.minecraft\libraries\net\neoforged\srgutils\1.0.0\srgutils-1.0.0.jar exists. Checksum valid.
Considering library org.ow2.asm:asm:9.5@jar
File C:\Users\User\AppData\Local\MCULauncher2\.minecraft\libraries\org\ow2\asm\asm\9.5\asm-9.5.jar exists. Checksum valid.
Considering library net.neoforged:AutoRenamingTool:2.0.3:all@jar
File C:\Users\User\AppData\Local\MCULauncher2\.minecraft\libraries\net\neoforged\AutoRenamingTool\2.0.3\AutoRenamingTool-2.0.3-all.jar exists. Checksum valid.
Considering library net.neoforged.installertools:cli-utils:2.1.4@jar
File C:\Users\User\AppData\Local\MCULauncher2\.minecraft\libraries\net\neoforged\installertools\cli-utils\2.1.4\cli-utils-2.1.4.jar exists. Checksum valid.
Considering library org.ow2.asm:asm-commons:9.5@jar
File C:\Users\User\AppData\Local\MCULauncher2\.minecraft\libraries\org\ow2\asm\asm-commons\9.5\asm-commons-9.5.jar exists. Checksum valid.
Considering library com.google.code.gson:gson:2.10.1@jar
File C:\Users\User\AppData\Local\MCULauncher2\.minecraft\libraries\com\google\code\gson\gson\2.10.1\gson-2.10.1.jar exists. Checksum valid.
Considering library net.neoforged.javadoctor:gson-io:2.0.17@jar
File C:\Users\User\AppData\Local\MCULauncher2\.minecraft\libraries\net\neoforged\javadoctor\gson-io\2.0.17\gson-io-2.0.17.jar exists. Checksum valid.
Considering library org.ow2.asm:asm-tree:9.5@jar
File C:\Users\User\AppData\Local\MCULauncher2\.minecraft\libraries\org\ow2\asm\asm-tree\9.5\asm-tree-9.5.jar exists. Checksum valid.
Considering library net.neoforged.javadoctor:spec:2.0.17@jar
File C:\Users\User\AppData\Local\MCULauncher2\.minecraft\libraries\net\neoforged\javadoctor\spec\2.0.17\spec-2.0.17.jar exists. Checksum valid.
Considering library net.sf.jopt-simple:jopt-simple:6.0-alpha-3@jar
File C:\Users\User\AppData\Local\MCULauncher2\.minecraft\libraries\net\sf\jopt-simple\jopt-simple\6.0-alpha-3\jopt-simple-6.0-alpha-3.jar exists. Checksum valid.
Considering library net.neoforged:srgutils:1.0.0@jar
File C:\Users\User\AppData\Local\MCULauncher2\.minecraft\libraries\net\neoforged\srgutils\1.0.0\srgutils-1.0.0.jar exists. Checksum valid.
Considering library com.github.jponge:lzma-java:1.3@jar
File C:\Users\User\AppData\Local\MCULauncher2\.minecraft\libraries\com\github\jponge\lzma-java\1.3\lzma-java-1.3.jar exists. Checksum valid.
Considering library net.neoforged.installertools:binarypatcher:2.1.2@jar
File C:\Users\User\AppData\Local\MCULauncher2\.minecraft\libraries\net\neoforged\installertools\binarypatcher\2.1.2\binarypatcher-2.1.2.jar exists. Checksum valid.
Considering library net.sf.jopt-simple:jopt-simple:5.0.4@jar
File C:\Users\User\AppData\Local\MCULauncher2\.minecraft\libraries\net\sf\jopt-simple\jopt-simple\5.0.4\jopt-simple-5.0.4.jar exists. Checksum valid.
Considering library trove:trove:1.0.2@jar
File C:\Users\User\AppData\Local\MCULauncher2\.minecraft\libraries\trove\trove\1.0.2\trove-1.0.2.jar exists. Checksum valid.
Considering library com.nothome:javaxdelta:2.0.1@jar
File C:\Users\User\AppData\Local\MCULauncher2\.minecraft\libraries\com\nothome\javaxdelta\2.0.1\javaxdelta-2.0.1.jar exists. Checksum valid.
Considering library net.neoforged.installertools:cli-utils:2.1.2@jar
File C:\Users\User\AppData\Local\MCULauncher2\.minecraft\libraries\net\neoforged\installertools\cli-utils\2.1.2\cli-utils-2.1.2.jar exists. Checksum valid.
Considering library net.neoforged:srgutils:1.0.0@jar
File C:\Users\User\AppData\Local\MCULauncher2\.minecraft\libraries\net\neoforged\srgutils\1.0.0\srgutils-1.0.0.jar exists. Checksum valid.
Considering library net.neoforged:neoforge:21.1.72:universal
File C:\Users\User\AppData\Local\MCULauncher2\.minecraft\libraries\net\neoforged\neoforge\21.1.72\neoforge-21.1.72-universal.jar exists. Checksum valid.
Considering library net.neoforged:coremods:7.0.3@jar
File C:\Users\User\AppData\Local\MCULauncher2\.minecraft\libraries\net\neoforged\coremods\7.0.3\coremods-7.0.3.jar exists. Checksum valid.
Considering library net.neoforged:JarJarMetadata:0.4.1@jar
File C:\Users\User\AppData\Local\MCULauncher2\.minecraft\libraries\net\neoforged\JarJarMetadata\0.4.1\JarJarMetadata-0.4.1.jar exists. Checksum valid.
Considering library org.antlr:antlr4-runtime:4.13.1@jar
File C:\Users\User\AppData\Local\MCULauncher2\.minecraft\libraries\org\antlr\antlr4-runtime\4.13.1\antlr4-runtime-4.13.1.jar exists. Checksum valid.
Considering library org.codehaus.plexus:plexus-utils:3.3.0@jar
File C:\Users\User\AppData\Local\MCULauncher2\.minecraft\libraries\org\codehaus\plexus\plexus-utils\3.3.0\plexus-utils-3.3.0.jar exists. Checksum valid.
Considering library org.apache.logging.log4j:log4j-core:2.22.1@jar
File C:\Users\User\AppData\Local\MCULauncher2\.minecraft\libraries\org\apache\logging\log4j\log4j-core\2.22.1\log4j-core-2.22.1.jar exists. Checksum valid.
Considering library org.apache.logging.log4j:log4j-api:2.22.1@jar
File C:\Users\User\AppData\Local\MCULauncher2\.minecraft\libraries\org\apache\logging\log4j\log4j-api\2.22.1\log4j-api-2.22.1.jar exists. Checksum valid.
Considering library org.jline:jline-terminal:3.20.0@jar
File C:\Users\User\AppData\Local\MCULauncher2\.minecraft\libraries\org\jline\jline-terminal\3.20.0\jline-terminal-3.20.0.jar exists. Checksum valid.
Considering library net.neoforged:JarJarFileSystems:0.4.1@jar
File C:\Users\User\AppData\Local\MCULauncher2\.minecraft\libraries\net\neoforged\JarJarFileSystems\0.4.1\JarJarFileSystems-0.4.1.jar exists. Checksum valid.
Considering library net.neoforged:accesstransformers:10.0.1@jar
File C:\Users\User\AppData\Local\MCULauncher2\.minecraft\libraries\net\neoforged\accesstransformers\10.0.1\accesstransformers-10.0.1.jar exists. Checksum valid.
Considering library net.jodah:typetools:0.6.3@jar
File C:\Users\User\AppData\Local\MCULauncher2\.minecraft\libraries\net\jodah\typetools\0.6.3\typetools-0.6.3.jar exists. Checksum valid.
Considering library com.electronwill.night-config:toml:3.8.0@jar
File C:\Users\User\AppData\Local\MCULauncher2\.minecraft\libraries\com\electronwill\night-config\toml\3.8.0\toml-3.8.0.jar exists. Checksum valid.
Considering library com.mojang:logging:1.2.7@jar
File C:\Users\User\AppData\Local\MCULauncher2\.minecraft\libraries\com\mojang\logging\1.2.7\logging-1.2.7.jar exists. Checksum valid.
Considering library net.minecraftforge:srgutils:0.4.15@jar
File C:\Users\User\AppData\Local\MCULauncher2\.minecraft\libraries\net\minecraftforge\srgutils\0.4.15\srgutils-0.4.15.jar exists. Checksum valid.
Considering library org.slf4j:slf4j-api:2.0.9@jar
File C:\Users\User\AppData\Local\MCULauncher2\.minecraft\libraries\org\slf4j\slf4j-api\2.0.9\slf4j-api-2.0.9.jar exists. Checksum valid.
Considering library com.google.guava:failureaccess:1.0.1@jar
File C:\Users\User\AppData\Local\MCULauncher2\.minecraft\libraries\com\google\guava\failureaccess\1.0.1\failureaccess-1.0.1.jar exists. Checksum valid.
Considering library com.google.guava:listenablefuture:9999.0-empty-to-avoid-conflict-with-guava@jar
File C:\Users\User\AppData\Local\MCULauncher2\.minecraft\libraries\com\google\guava\listenablefuture\9999.0-empty-to-avoid-conflict-with-guava\listenablefuture-9999.0-empty-to-avoid-conflict-with-guava.jar exists. Checksum valid.
Considering library commons-io:commons-io:2.15.1@jar
File C:\Users\User\AppData\Local\MCULauncher2\.minecraft\libraries\commons-io\commons-io\2.15.1\commons-io-2.15.1.jar exists. Checksum valid.
Considering library net.neoforged.fancymodloader:loader:4.0.29@jar
File C:\Users\User\AppData\Local\MCULauncher2\.minecraft\libraries\net\neoforged\fancymodloader\loader\4.0.29\loader-4.0.29.jar exists. Checksum valid.
Considering library org.openjdk.nashorn:nashorn-core:15.4@jar
File C:\Users\User\AppData\Local\MCULauncher2\.minecraft\libraries\org\openjdk\nashorn\nashorn-core\15.4\nashorn-core-15.4.jar exists. Checksum valid.
Considering library com.machinezoo.noexception:noexception:1.7.1@jar
File C:\Users\User\AppData\Local\MCULauncher2\.minecraft\libraries\com\machinezoo\noexception\noexception\1.7.1\noexception-1.7.1.jar exists. Checksum valid.
Considering library net.neoforged.fancymodloader:earlydisplay:4.0.29@jar
File C:\Users\User\AppData\Local\MCULauncher2\.minecraft\libraries\net\neoforged\fancymodloader\earlydisplay\4.0.29\earlydisplay-4.0.29.jar exists. Checksum valid.
Considering library com.google.guava:guava:32.1.2-jre@jar
File C:\Users\User\AppData\Local\MCULauncher2\.minecraft\libraries\com\google\guava\guava\32.1.2-jre\guava-32.1.2-jre.jar exists. Checksum valid.
Considering library net.neoforged:mergetool:2.0.3:api@jar
File C:\Users\User\AppData\Local\MCULauncher2\.minecraft\libraries\net\neoforged\mergetool\2.0.3\mergetool-2.0.3-api.jar exists. Checksum valid.
Considering library org.ow2.asm:asm:9.7@jar
File C:\Users\User\AppData\Local\MCULauncher2\.minecraft\libraries\org\ow2\asm\asm\9.7\asm-9.7.jar exists. Checksum valid.
Considering library org.ow2.asm:asm-commons:9.7@jar
File C:\Users\User\AppData\Local\MCULauncher2\.minecraft\libraries\org\ow2\asm\asm-commons\9.7\asm-commons-9.7.jar exists. Checksum valid.
Considering library com.google.code.gson:gson:2.10.1@jar
File C:\Users\User\AppData\Local\MCULauncher2\.minecraft\libraries\com\google\code\gson\gson\2.10.1\gson-2.10.1.jar exists. Checksum valid.
Considering library net.fabricmc:sponge-mixin:0.15.2+mixin.0.8.7@jar
File C:\Users\User\AppData\Local\MCULauncher2\.minecraft\libraries\net\fabricmc\sponge-mixin\0.15.2+mixin.0.8.7\sponge-mixin-0.15.2+mixin.0.8.7.jar exists. Checksum valid.
Considering library com.google.errorprone:error_prone_annotations:2.18.0@jar
File C:\Users\User\AppData\Local\MCULauncher2\.minecraft\libraries\com\google\errorprone\error_prone_annotations\2.18.0\error_prone_annotations-2.18.0.jar exists. Checksum valid.
Considering library org.jline:jline-reader:3.20.0@jar
File C:\Users\User\AppData\Local\MCULauncher2\.minecraft\libraries\org\jline\jline-reader\3.20.0\jline-reader-3.20.0.jar exists. Checksum valid.
Considering library org.ow2.asm:asm-util:9.7@jar
File C:\Users\User\AppData\Local\MCULauncher2\.minecraft\libraries\org\ow2\asm\asm-util\9.7\asm-util-9.7.jar exists. Checksum valid.
Considering library net.sf.jopt-simple:jopt-simple:5.0.4@jar
File C:\Users\User\AppData\Local\MCULauncher2\.minecraft\libraries\net\sf\jopt-simple\jopt-simple\5.0.4\jopt-simple-5.0.4.jar exists. Checksum valid.
Considering library org.ow2.asm:asm-analysis:9.7@jar
File C:\Users\User\AppData\Local\MCULauncher2\.minecraft\libraries\org\ow2\asm\asm-analysis\9.7\asm-analysis-9.7.jar exists. Checksum valid.
Considering library net.neoforged:bus:8.0.2@jar
File C:\Users\User\AppData\Local\MCULauncher2\.minecraft\libraries\net\neoforged\bus\8.0.2\bus-8.0.2.jar exists. Checksum valid.
Considering library org.apache.logging.log4j:log4j-slf4j2-impl:2.22.1@jar
File C:\Users\User\AppData\Local\MCULauncher2\.minecraft\libraries\org\apache\logging\log4j\log4j-slf4j2-impl\2.22.1\log4j-slf4j2-impl-2.22.1.jar exists. Checksum valid.
Considering library com.google.j2objc:j2objc-annotations:2.8@jar
File C:\Users\User\AppData\Local\MCULauncher2\.minecraft\libraries\com\google\j2objc\j2objc-annotations\2.8\j2objc-annotations-2.8.jar exists. Checksum valid.
Considering library org.apache.maven:maven-artifact:3.8.5@jar
File C:\Users\User\AppData\Local\MCULauncher2\.minecraft\libraries\org\apache\maven\maven-artifact\3.8.5\maven-artifact-3.8.5.jar exists. Checksum valid.
Considering library net.neoforged:neoform:1.21.1-20240808.144430@zip
File C:\Users\User\AppData\Local\MCULauncher2\.minecraft\libraries\net\neoforged\neoform\1.21.1-20240808.144430\neoform-1.21.1-20240808.144430.zip exists. Checksum valid.
Considering library net.minecrell:terminalconsoleappender:1.3.0@jar
File C:\Users\User\AppData\Local\MCULauncher2\.minecraft\libraries\net\minecrell\terminalconsoleappender\1.3.0\terminalconsoleappender-1.3.0.jar exists. Checksum valid.
Considering library net.neoforged:JarJarSelector:0.4.1@jar
File C:\Users\User\AppData\Local\MCULauncher2\.minecraft\libraries\net\neoforged\JarJarSelector\0.4.1\JarJarSelector-0.4.1.jar exists. Checksum valid.
Considering library cpw.mods:securejarhandler:3.0.8@jar
File C:\Users\User\AppData\Local\MCULauncher2\.minecraft\libraries\cpw\mods\securejarhandler\3.0.8\securejarhandler-3.0.8.jar exists. Checksum valid.
Considering library org.ow2.asm:asm-tree:9.7@jar
File C:\Users\User\AppData\Local\MCULauncher2\.minecraft\libraries\org\ow2\asm\asm-tree\9.7\asm-tree-9.7.jar exists. Checksum valid.
Considering library com.google.code.findbugs:jsr305:3.0.2@jar
File C:\Users\User\AppData\Local\MCULauncher2\.minecraft\libraries\com\google\code\findbugs\jsr305\3.0.2\jsr305-3.0.2.jar exists. Checksum valid.
Considering library com.electronwill.night-config:core:3.8.0@jar
File C:\Users\User\AppData\Local\MCULauncher2\.minecraft\libraries\com\electronwill\night-config\core\3.8.0\core-3.8.0.jar exists. Checksum valid.
Considering library org.checkerframework:checker-qual:3.33.0@jar
File C:\Users\User\AppData\Local\MCULauncher2\.minecraft\libraries\org\checkerframework\checker-qual\3.33.0\checker-qual-3.33.0.jar exists. Checksum valid.
Considering library net.neoforged.accesstransformers:at-modlauncher:10.0.1@jar
File C:\Users\User\AppData\Local\MCULauncher2\.minecraft\libraries\net\neoforged\accesstransformers\at-modlauncher\10.0.1\at-modlauncher-10.0.1.jar exists. Checksum valid.
Considering library cpw.mods:modlauncher:11.0.4@jar
File C:\Users\User\AppData\Local\MCULauncher2\.minecraft\libraries\cpw\mods\modlauncher\11.0.4\modlauncher-11.0.4.jar exists. Checksum valid.
Considering library org.apache.commons:commons-lang3:3.14.0@jar
File C:\Users\User\AppData\Local\MCULauncher2\.minecraft\libraries\org\apache\commons\commons-lang3\3.14.0\commons-lang3-3.14.0.jar exists. Checksum valid.
Created Temporary Directory: C:\Users\User\AppData\Local\Temp\neoforge_installer5472268754304521384
  Extracting: /data/client.lzma
Building Processors
===============================================================================
Processor: net.neoforged.installertools:installertools -> MCP_DATA
  MainClass: net.neoforged.installertools.ConsoleTool
  Classpath:
    C:\Users\User\AppData\Local\MCULauncher2\.minecraft\libraries\net\neoforged\installertools\installertools\2.1.2\installertools-2.1.2.jar
    C:\Users\User\AppData\Local\MCULauncher2\.minecraft\libraries\net\neoforged\installertools\installertools\2.1.2\installertools-2.1.2.jar
    C:\Users\User\AppData\Local\MCULauncher2\.minecraft\libraries\net\neoforged\srgutils\1.0.0\srgutils-1.0.0.jar
    C:\Users\User\AppData\Local\MCULauncher2\.minecraft\libraries\net\md-5\SpecialSource\1.11.0\SpecialSource-1.11.0.jar
    C:\Users\User\AppData\Local\MCULauncher2\.minecraft\libraries\net\sf\jopt-simple\jopt-simple\5.0.4\jopt-simple-5.0.4.jar
    C:\Users\User\AppData\Local\MCULauncher2\.minecraft\libraries\com\google\code\gson\gson\2.8.9\gson-2.8.9.jar
    C:\Users\User\AppData\Local\MCULauncher2\.minecraft\libraries\de\siegmar\fastcsv\2.0.0\fastcsv-2.0.0.jar
    C:\Users\User\AppData\Local\MCULauncher2\.minecraft\libraries\org\ow2\asm\asm-commons\9.3\asm-commons-9.3.jar
    C:\Users\User\AppData\Local\MCULauncher2\.minecraft\libraries\net\neoforged\installertools\cli-utils\2.1.2\cli-utils-2.1.2.jar
    C:\Users\User\AppData\Local\MCULauncher2\.minecraft\libraries\com\google\guava\guava\20.0\guava-20.0.jar
    C:\Users\User\AppData\Local\MCULauncher2\.minecraft\libraries\com\opencsv\opencsv\4.4\opencsv-4.4.jar
    C:\Users\User\AppData\Local\MCULauncher2\.minecraft\libraries\org\ow2\asm\asm-analysis\9.3\asm-analysis-9.3.jar
    C:\Users\User\AppData\Local\MCULauncher2\.minecraft\libraries\org\ow2\asm\asm-tree\9.3\asm-tree-9.3.jar
    C:\Users\User\AppData\Local\MCULauncher2\.minecraft\libraries\org\ow2\asm\asm\9.3\asm-9.3.jar
    C:\Users\User\AppData\Local\MCULauncher2\.minecraft\libraries\org\apache\commons\commons-text\1.3\commons-text-1.3.jar
    C:\Users\User\AppData\Local\MCULauncher2\.minecraft\libraries\org\apache\commons\commons-lang3\3.8.1\commons-lang3-3.8.1.jar
    C:\Users\User\AppData\Local\MCULauncher2\.minecraft\libraries\commons-beanutils\commons-beanutils\1.9.3\commons-beanutils-1.9.3.jar
    C:\Users\User\AppData\Local\MCULauncher2\.minecraft\libraries\org\apache\commons\commons-collections4\4.2\commons-collections4-4.2.jar
    C:\Users\User\AppData\Local\MCULauncher2\.minecraft\libraries\commons-logging\commons-logging\1.2\commons-logging-1.2.jar
    C:\Users\User\AppData\Local\MCULauncher2\.minecraft\libraries\commons-collections\commons-collections\3.2.2\commons-collections-3.2.2.jar
  Args: --task, MCP_DATA, --input, C:\Users\User\AppData\Local\MCULauncher2\.minecraft\libraries\net\neoforged\neoform\1.21.1-20240808.144430\neoform-1.21.1-20240808.144430.zip, --output, C:\Users\User\AppData\Local\MCULauncher2\.minecraft\libraries\net\neoforged\neoform\1.21.1-20240808.144430\neoform-1.21.1-20240808.144430-mappings.txt, --key, mappings
Task: MCP_DATA
Input:  C:\Users\User\AppData\Local\MCULauncher2\.minecraft\libraries\net\neoforged\neoform\1.21.1-20240808.144430\neoform-1.21.1-20240808.144430.zip
Output: C:\Users\User\AppData\Local\MCULauncher2\.minecraft\libraries\net\neoforged\neoform\1.21.1-20240808.144430\neoform-1.21.1-20240808.144430-mappings.txt
Key:    mappings
Extracting: config/joined.tsrg
===============================================================================
Processor: net.neoforged.installertools:installertools -> DOWNLOAD_MOJMAPS
  MainClass: net.neoforged.installertools.ConsoleTool
  Classpath:
    C:\Users\User\AppData\Local\MCULauncher2\.minecraft\libraries\net\neoforged\installertools\installertools\2.1.2\installertools-2.1.2.jar
    C:\Users\User\AppData\Local\MCULauncher2\.minecraft\libraries\net\neoforged\installertools\installertools\2.1.2\installertools-2.1.2.jar
    C:\Users\User\AppData\Local\MCULauncher2\.minecraft\libraries\net\neoforged\srgutils\1.0.0\srgutils-1.0.0.jar
    C:\Users\User\AppData\Local\MCULauncher2\.minecraft\libraries\net\md-5\SpecialSource\1.11.0\SpecialSource-1.11.0.jar
    C:\Users\User\AppData\Local\MCULauncher2\.minecraft\libraries\net\sf\jopt-simple\jopt-simple\5.0.4\jopt-simple-5.0.4.jar
    C:\Users\User\AppData\Local\MCULauncher2\.minecraft\libraries\com\google\code\gson\gson\2.8.9\gson-2.8.9.jar
    C:\Users\User\AppData\Local\MCULauncher2\.minecraft\libraries\de\siegmar\fastcsv\2.0.0\fastcsv-2.0.0.jar
    C:\Users\User\AppData\Local\MCULauncher2\.minecraft\libraries\org\ow2\asm\asm-commons\9.3\asm-commons-9.3.jar
    C:\Users\User\AppData\Local\MCULauncher2\.minecraft\libraries\net\neoforged\installertools\cli-utils\2.1.2\cli-utils-2.1.2.jar
    C:\Users\User\AppData\Local\MCULauncher2\.minecraft\libraries\com\google\guava\guava\20.0\guava-20.0.jar
    C:\Users\User\AppData\Local\MCULauncher2\.minecraft\libraries\com\opencsv\opencsv\4.4\opencsv-4.4.jar
    C:\Users\User\AppData\Local\MCULauncher2\.minecraft\libraries\org\ow2\asm\asm-analysis\9.3\asm-analysis-9.3.jar
    C:\Users\User\AppData\Local\MCULauncher2\.minecraft\libraries\org\ow2\asm\asm-tree\9.3\asm-tree-9.3.jar
    C:\Users\User\AppData\Local\MCULauncher2\.minecraft\libraries\org\ow2\asm\asm\9.3\asm-9.3.jar
    C:\Users\User\AppData\Local\MCULauncher2\.minecraft\libraries\org\apache\commons\commons-text\1.3\commons-text-1.3.jar
    C:\Users\User\AppData\Local\MCULauncher2\.minecraft\libraries\org\apache\commons\commons-lang3\3.8.1\commons-lang3-3.8.1.jar
    C:\Users\User\AppData\Local\MCULauncher2\.minecraft\libraries\commons-beanutils\commons-beanutils\1.9.3\commons-beanutils-1.9.3.jar
    C:\Users\User\AppData\Local\MCULauncher2\.minecraft\libraries\org\apache\commons\commons-collections4\4.2\commons-collections4-4.2.jar
    C:\Users\User\AppData\Local\MCULauncher2\.minecraft\libraries\commons-logging\commons-logging\1.2\commons-logging-1.2.jar
    C:\Users\User\AppData\Local\MCULauncher2\.minecraft\libraries\commons-collections\commons-collections\3.2.2\commons-collections-3.2.2.jar
  Args: --task, DOWNLOAD_MOJMAPS, --version, 1.21.1, --side, client, --output, C:\Users\User\AppData\Local\MCULauncher2\.minecraft\libraries\net\minecraft\client\1.21.1-20240808.144430\client-1.21.1-20240808.144430-mappings.txt
Task: DOWNLOAD_MOJMAPS
MC Version: 1.21.1
Side:       client
Output:     C:\Users\User\AppData\Local\MCULauncher2\.minecraft\libraries\net\minecraft\client\1.21.1-20240808.144430\client-1.21.1-20240808.144430-mappings.txt
Downloaded Mojang mappings for 1.21.1
===============================================================================
Processor: net.neoforged.installertools:installertools -> MERGE_MAPPING
  MainClass: net.neoforged.installertools.ConsoleTool
  Classpath:
    C:\Users\User\AppData\Local\MCULauncher2\.minecraft\libraries\net\neoforged\installertools\installertools\2.1.2\installertools-2.1.2.jar
    C:\Users\User\AppData\Local\MCULauncher2\.minecraft\libraries\net\neoforged\installertools\installertools\2.1.2\installertools-2.1.2.jar
    C:\Users\User\AppData\Local\MCULauncher2\.minecraft\libraries\net\neoforged\srgutils\1.0.0\srgutils-1.0.0.jar
    C:\Users\User\AppData\Local\MCULauncher2\.minecraft\libraries\net\md-5\SpecialSource\1.11.0\SpecialSource-1.11.0.jar
    C:\Users\User\AppData\Local\MCULauncher2\.minecraft\libraries\net\sf\jopt-simple\jopt-simple\5.0.4\jopt-simple-5.0.4.jar
    C:\Users\User\AppData\Local\MCULauncher2\.minecraft\libraries\com\google\code\gson\gson\2.8.9\gson-2.8.9.jar
    C:\Users\User\AppData\Local\MCULauncher2\.minecraft\libraries\de\siegmar\fastcsv\2.0.0\fastcsv-2.0.0.jar
    C:\Users\User\AppData\Local\MCULauncher2\.minecraft\libraries\org\ow2\asm\asm-commons\9.3\asm-commons-9.3.jar
    C:\Users\User\AppData\Local\MCULauncher2\.minecraft\libraries\net\neoforged\installertools\cli-utils\2.1.2\cli-utils-2.1.2.jar
    C:\Users\User\AppData\Local\MCULauncher2\.minecraft\libraries\com\google\guava\guava\20.0\guava-20.0.jar
    C:\Users\User\AppData\Local\MCULauncher2\.minecraft\libraries\com\opencsv\opencsv\4.4\opencsv-4.4.jar
    C:\Users\User\AppData\Local\MCULauncher2\.minecraft\libraries\org\ow2\asm\asm-analysis\9.3\asm-analysis-9.3.jar
    C:\Users\User\AppData\Local\MCULauncher2\.minecraft\libraries\org\ow2\asm\asm-tree\9.3\asm-tree-9.3.jar
    C:\Users\User\AppData\Local\MCULauncher2\.minecraft\libraries\org\ow2\asm\asm\9.3\asm-9.3.jar
    C:\Users\User\AppData\Local\MCULauncher2\.minecraft\libraries\org\apache\commons\commons-text\1.3\commons-text-1.3.jar
    C:\Users\User\AppData\Local\MCULauncher2\.minecraft\libraries\org\apache\commons\commons-lang3\3.8.1\commons-lang3-3.8.1.jar
    C:\Users\User\AppData\Local\MCULauncher2\.minecraft\libraries\commons-beanutils\commons-beanutils\1.9.3\commons-beanutils-1.9.3.jar
    C:\Users\User\AppData\Local\MCULauncher2\.minecraft\libraries\org\apache\commons\commons-collections4\4.2\commons-collections4-4.2.jar
    C:\Users\User\AppData\Local\MCULauncher2\.minecraft\libraries\commons-logging\commons-logging\1.2\commons-logging-1.2.jar
    C:\Users\User\AppData\Local\MCULauncher2\.minecraft\libraries\commons-collections\commons-collections\3.2.2\commons-collections-3.2.2.jar
  Args: --task, MERGE_MAPPING, --left, C:\Users\User\AppData\Local\MCULauncher2\.minecraft\libraries\net\neoforged\neoform\1.21.1-20240808.144430\neoform-1.21.1-20240808.144430-mappings.txt, --right, C:\Users\User\AppData\Local\MCULauncher2\.minecraft\libraries\net\minecraft\client\1.21.1-20240808.144430\client-1.21.1-20240808.144430-mappings.txt, --output, C:\Users\User\AppData\Local\MCULauncher2\.minecraft\libraries\net\neoforged\neoform\1.21.1-20240808.144430\neoform-1.21.1-20240808.144430-mappings-merged.txt, --classes, --fields, --methods, --reverse-right
Task: MERGE_MAPPING
Left:    C:\Users\User\AppData\Local\MCULauncher2\.minecraft\libraries\net\neoforged\neoform\1.21.1-20240808.144430\neoform-1.21.1-20240808.144430-mappings.txt
         Reversed=false
         null
Right:   C:\Users\User\AppData\Local\MCULauncher2\.minecraft\libraries\net\minecraft\client\1.21.1-20240808.144430\client-1.21.1-20240808.144430-mappings.txt
         Reversed=true
         null
Classes: true
Fields:  true
Methods: true
Params:  false
Output:  C:\Users\User\AppData\Local\MCULauncher2\.minecraft\libraries\net\neoforged\neoform\1.21.1-20240808.144430\neoform-1.21.1-20240808.144430-mappings-merged.txt
===============================================================================
Processor: net.neoforged.installertools:jarsplitter
  MainClass: net.neoforged.jarsplitter.ConsoleTool
  Classpath:
    C:\Users\User\AppData\Local\MCULauncher2\.minecraft\libraries\net\neoforged\installertools\jarsplitter\2.1.2\jarsplitter-2.1.2.jar
    C:\Users\User\AppData\Local\MCULauncher2\.minecraft\libraries\net\neoforged\installertools\jarsplitter\2.1.2\jarsplitter-2.1.2.jar
    C:\Users\User\AppData\Local\MCULauncher2\.minecraft\libraries\net\sf\jopt-simple\jopt-simple\5.0.4\jopt-simple-5.0.4.jar
    C:\Users\User\AppData\Local\MCULauncher2\.minecraft\libraries\net\neoforged\srgutils\1.0.0\srgutils-1.0.0.jar
    C:\Users\User\AppData\Local\MCULauncher2\.minecraft\libraries\net\neoforged\installertools\cli-utils\2.1.2\cli-utils-2.1.2.jar
  Args: --input, C:\Users\User\AppData\Local\MCULauncher2\.minecraft\versions\1.21.1\1.21.1.jar, --slim, C:\Users\User\AppData\Local\MCULauncher2\.minecraft\libraries\net\minecraft\client\1.21.1-20240808.144430\client-1.21.1-20240808.144430-slim.jar, --extra, C:\Users\User\AppData\Local\MCULauncher2\.minecraft\libraries\net\minecraft\client\1.21.1-20240808.144430\client-1.21.1-20240808.144430-extra.jar, --srg, C:\Users\User\AppData\Local\MCULauncher2\.minecraft\libraries\net\neoforged\neoform\1.21.1-20240808.144430\neoform-1.21.1-20240808.144430-mappings-merged.txt
Splitter: 
  Input:    C:\Users\User\AppData\Local\MCULauncher2\.minecraft\versions\1.21.1\1.21.1.jar
  Slim:     C:\Users\User\AppData\Local\MCULauncher2\.minecraft\libraries\net\minecraft\client\1.21.1-20240808.144430\client-1.21.1-20240808.144430-slim.jar
  Data:     null
  Extra:    C:\Users\User\AppData\Local\MCULauncher2\.minecraft\libraries\net\minecraft\client\1.21.1-20240808.144430\client-1.21.1-20240808.144430-extra.jar
  Including data in extra
  SRG:   C:\Users\User\AppData\Local\MCULauncher2\.minecraft\libraries\net\neoforged\neoform\1.21.1-20240808.144430\neoform-1.21.1-20240808.144430-mappings-merged.txt
  InputSha: 30c73b1c5da787909b2f73340419fdf13b9def88
  SrgSha:   e4f52c8fd55aa6aa2b4d0e2b36d4327b9991b2c5
  Slim Cache Hit
  Extra Cache Miss
Splitting 23519 files:
===============================================================================
Processor: net.neoforged:AutoRenamingTool
  MainClass: net.neoforged.art.Main
  Classpath:
    C:\Users\User\AppData\Local\MCULauncher2\.minecraft\libraries\net\neoforged\AutoRenamingTool\2.0.3\AutoRenamingTool-2.0.3-all.jar
    C:\Users\User\AppData\Local\MCULauncher2\.minecraft\libraries\net\neoforged\AutoRenamingTool\2.0.3\AutoRenamingTool-2.0.3-all.jar
    C:\Users\User\AppData\Local\MCULauncher2\.minecraft\libraries\net\sf\jopt-simple\jopt-simple\6.0-alpha-3\jopt-simple-6.0-alpha-3.jar
    C:\Users\User\AppData\Local\MCULauncher2\.minecraft\libraries\org\ow2\asm\asm-commons\9.5\asm-commons-9.5.jar
    C:\Users\User\AppData\Local\MCULauncher2\.minecraft\libraries\org\ow2\asm\asm-tree\9.5\asm-tree-9.5.jar
    C:\Users\User\AppData\Local\MCULauncher2\.minecraft\libraries\org\ow2\asm\asm\9.5\asm-9.5.jar
    C:\Users\User\AppData\Local\MCULauncher2\.minecraft\libraries\net\neoforged\javadoctor\gson-io\2.0.17\gson-io-2.0.17.jar
    C:\Users\User\AppData\Local\MCULauncher2\.minecraft\libraries\net\neoforged\srgutils\1.0.0\srgutils-1.0.0.jar
    C:\Users\User\AppData\Local\MCULauncher2\.minecraft\libraries\net\neoforged\installertools\cli-utils\2.1.4\cli-utils-2.1.4.jar
    C:\Users\User\AppData\Local\MCULauncher2\.minecraft\libraries\net\neoforged\javadoctor\spec\2.0.17\spec-2.0.17.jar
    C:\Users\User\AppData\Local\MCULauncher2\.minecraft\libraries\com\google\code\gson\gson\2.10.1\gson-2.10.1.jar
  Args: --input, C:\Users\User\AppData\Local\MCULauncher2\.minecraft\libraries\net\minecraft\client\1.21.1-20240808.144430\client-1.21.1-20240808.144430-slim.jar, --output, C:\Users\User\AppData\Local\MCULauncher2\.minecraft\libraries\net\minecraft\client\1.21.1-20240808.144430\client-1.21.1-20240808.144430-srg.jar, --names, C:\Users\User\AppData\Local\MCULauncher2\.minecraft\libraries\net\neoforged\neoform\1.21.1-20240808.144430\neoform-1.21.1-20240808.144430-mappings-merged.txt, --ann-fix, --ids-fix, --src-fix, --record-fix
Forge Auto Renaming Tool v2.0.3
log: null
input: C:\Users\User\AppData\Local\MCULauncher2\.minecraft\libraries\net\minecraft\client\1.21.1-20240808.144430\client-1.21.1-20240808.144430-slim.jar
output: C:\Users\User\AppData\Local\MCULauncher2\.minecraft\libraries\net\minecraft\client\1.21.1-20240808.144430\client-1.21.1-20240808.144430-srg.jar
threads: 32
Names: C:\Users\User\AppData\Local\MCULauncher2\.minecraft\libraries\net\neoforged\neoform\1.21.1-20240808.144430\neoform-1.21.1-20240808.144430-mappings-merged.txt(reversed: false)
Fix Annotations: true
Unfinal Parameters: false
Fix Records: true
Fix Identifiers: ALL
Fix SourceFile: JAVA
Fix Line Numbers: false
Strip codesigning signatures: false
Adding Libraries to Inheritance
Reading Input: C:\Users\User\AppData\Local\MCULauncher2\.minecraft\libraries\net\minecraft\client\1.21.1-20240808.144430\client-1.21.1-20240808.144430-slim.jar
Processor: net.neoforged:AutoRenamingTool: Reading input jar
